


log for xporta -T -o /tmp/porta2529807515996486883.ieq 

input file /tmp/porta2529807515996486883.ieq o.k.
dimension              :    8 
number of equations    :    0 
number of inequalities :   16 

GAUSS - ELIMINATION:
| iter- |     # equa |  # ineq  |   max| long|   non- |     mem |  cpu-time | real-time |
| ation |            |          |  bit-|arith|  zeros |    used |      used |      used |
|       |            |          |length|metic|   in % |   in kB |    in sec |    in sec |
|-------|------------|----------|------|-----|--------|---------|-----------|-----------|
|     9 |          9 |        1 |    3 |   n |   0.34 |      51 |      0.00 |      0.00 |
|     8 |          8 |        2 |    3 |   n |   0.36 |      51 |      0.00 |      0.00 |
|     7 |          7 |        3 |    3 |   n |   0.42 |      51 |      0.00 |      0.00 |
|     6 |          6 |        4 |    3 |   n |   0.40 |      51 |      0.00 |      0.00 |
|     5 |          5 |        5 |    3 |   n |   0.37 |      51 |      0.00 |      0.00 |
|     4 |          4 |        6 |    3 |   n |   0.43 |      51 |      0.00 |      0.00 |
|     3 |          3 |        7 |    3 |   n |   0.41 |      51 |      0.00 |      0.00 |
|     2 |          2 |        8 |    3 |   n |   0.39 |      51 |      0.00 |      0.00 |
|     1 |          1 |        9 |    3 |   n |   0.51 |      51 |      0.00 |      0.00 |

FOURIER - MOTZKIN - ELIMINATION:
| iter- |      upper |  # ineq  |   max| long|   non- |     mem |  cpu-time | real-time |   #    |
| ation |      bound |          |  bit-|arith|  zeros |    used |      used |      used | facets |
|       |     # ineq |          |length|metic|   in % |   in kB |    in sec |    in sec |        |
|-------|------------|----------|------|-----|--------|---------|-----------|-----------|--------|
|     8 |          9 |        9 |    1 |   n |   0.10 |     847 |      0.00 |      0.00 |      4 |
|     7 |         11 |       10 |    3 |   n |   0.12 |     847 |      0.00 |      0.00 |      4 |
|     6 |         12 |       11 |    3 |   n |   0.14 |     847 |      0.00 |      0.00 |      6 |
|     5 |         13 |       12 |    3 |   n |   0.15 |     847 |      0.00 |      0.00 |      6 |
|     4 |         20 |       18 |    3 |   n |   0.22 |     847 |      0.00 |      0.00 |      8 |
|     3 |         26 |       24 |    3 |   n |   0.25 |     847 |      0.00 |      0.00 |     12 |
|     2 |         56 |       24 |    3 |   n |   0.27 |     847 |      0.00 |      0.00 |     16 |
|     1 |         40 |       24 |    3 |   n |   0.30 |     847 |      0.00 |      0.00 |     20 |

sum of inequalities over all iterations :    132
maximal number of inequalities          :     24

sorting system 
transformation to integer values 

number of cone-points  :    0 
number of conv-points  :   24 

output written to file /tmp/porta2529807515996486883.ieq.poi




log for xporta -T -o /tmp/porta5422161422982714362.ieq 

input file /tmp/porta5422161422982714362.ieq o.k.
dimension              :    8 
number of equations    :    0 
number of inequalities :   16 

GAUSS - ELIMINATION:
| iter- |     # equa |  # ineq  |   max| long|   non- |     mem |  cpu-time | real-time |
| ation |            |          |  bit-|arith|  zeros |    used |      used |      used |
|       |            |          |length|metic|   in % |   in kB |    in sec |    in sec |
|-------|------------|----------|------|-----|--------|---------|-----------|-----------|
|     9 |          9 |        1 |    3 |   n |   0.34 |      51 |      0.00 |      0.00 |
|     8 |          8 |        2 |    3 |   n |   0.36 |      51 |      0.00 |      0.00 |
|     7 |          7 |        3 |    3 |   n |   0.42 |      51 |      0.00 |      0.00 |
|     6 |          6 |        4 |    3 |   n |   0.40 |      51 |      0.00 |      0.00 |
|     5 |          5 |        5 |    3 |   n |   0.37 |      51 |      0.00 |      0.00 |
|     4 |          4 |        6 |    3 |   n |   0.43 |      51 |      0.00 |      0.00 |
|     3 |          3 |        7 |    3 |   n |   0.41 |      51 |      0.00 |      0.00 |
|     2 |          2 |        8 |    3 |   n |   0.39 |      51 |      0.00 |      0.00 |
|     1 |          1 |        9 |    3 |   n |   0.51 |      51 |      0.00 |      0.00 |

FOURIER - MOTZKIN - ELIMINATION:
| iter- |      upper |  # ineq  |   max| long|   non- |     mem |  cpu-time | real-time |   #    |
| ation |      bound |          |  bit-|arith|  zeros |    used |      used |      used | facets |
|       |     # ineq |          |length|metic|   in % |   in kB |    in sec |    in sec |        |
|-------|------------|----------|------|-----|--------|---------|-----------|-----------|--------|
|     8 |          9 |        9 |    1 |   n |   0.10 |     847 |      0.00 |      0.01 |      4 |
|     7 |         11 |       10 |    3 |   n |   0.12 |     847 |      0.00 |      0.01 |      4 |
|     6 |         12 |       11 |    3 |   n |   0.14 |     847 |      0.00 |      0.01 |      6 |
|     5 |         13 |       12 |    3 |   n |   0.15 |     847 |      0.00 |      0.01 |      6 |
|     4 |         20 |       18 |    3 |   n |   0.22 |     847 |      0.00 |      0.01 |      8 |
|     3 |         26 |       24 |    3 |   n |   0.25 |     847 |      0.00 |      0.01 |     12 |
|     2 |         56 |       24 |    3 |   n |   0.27 |     847 |      0.00 |      0.01 |     16 |
|     1 |         40 |       24 |    3 |   n |   0.30 |     847 |      0.00 |      0.01 |     20 |

sum of inequalities over all iterations :    132
maximal number of inequalities          :     24

sorting system 
transformation to integer values 

number of cone-points  :    0 
number of conv-points  :   24 

output written to file /tmp/porta5422161422982714362.ieq.poi




log for xporta -T -o /tmp/porta3888973188143676288.poi 

input file /tmp/porta3888973188143676288.poi o.k.
dimension              :    9 
number of cone-points  :    0 
number of conv-points  :   16 

GAUSS - ELIMINATION:
| iter- |     # equa |  # ineq  |   max| long|   non- |     mem |  cpu-time | real-time |
| ation |            |          |  bit-|arith|  zeros |    used |      used |      used |
|       |            |          |length|metic|   in % |   in kB |    in sec |    in sec |
|-------|------------|----------|------|-----|--------|---------|-----------|-----------|
|    10 |         10 |        1 |    2 |   n |   0.39 |      51 |      0.00 |      0.00 |
|     9 |          9 |        2 |    2 |   n |   0.38 |      51 |      0.00 |      0.00 |
|     8 |          8 |        3 |    2 |   n |   0.39 |      51 |      0.00 |      0.00 |
|     7 |          7 |        4 |    2 |   n |   0.40 |      51 |      0.00 |      0.00 |
|     6 |          6 |        5 |    3 |   n |   0.39 |      51 |      0.00 |      0.00 |
|     5 |          5 |        6 |    3 |   n |   0.37 |      51 |      0.00 |      0.00 |
|     4 |          4 |        7 |    3 |   n |   0.40 |      51 |      0.00 |      0.00 |
|     3 |          3 |        8 |    3 |   n |   0.39 |      51 |      0.00 |      0.00 |
|     2 |          2 |        9 |    3 |   n |   0.38 |      51 |      0.00 |      0.00 |
 variable 1 eliminated - finite equation found
|     1 |          1 |       10 |    3 |   n |   0.44 |      51 |      0.00 |      0.00 |

FOURIER - MOTZKIN - ELIMINATION:

storing finite inequalities in file /tmp/porta3888973188143676288.poi.ieq

| iter- |      upper |  # ineq  |   max| long|   non- |     mem |  cpu-time | real-time |   #    |
| ation |      bound |          |  bit-|arith|  zeros |    used |      used |      used | facets |
|       |     # ineq |          |length|metic|   in % |   in kB |    in sec |    in sec |        |
|-------|------------|----------|------|-----|--------|---------|-----------|-----------|--------|
|     7 |         11 |       10 |    1 |   n |   0.12 |     847 |      0.00 |      0.00 |      4 |
|     6 |         12 |       11 |    3 |   n |   0.14 |     847 |      0.00 |      0.00 |      4 |
|     5 |         13 |       12 |    3 |   n |   0.15 |     847 |      0.00 |      0.00 |      6 |
|     4 |         20 |       18 |    3 |   n |   0.26 |     847 |      0.00 |      0.00 |      8 |
|     3 |         26 |       24 |    3 |   n |   0.25 |     848 |      0.00 |      0.00 |     12 |
|     2 |         48 |       24 |    3 |   n |   0.28 |     848 |      0.00 |      0.00 |     16 |
|     1 |         40 |       24 |    3 |   n |   0.30 |     848 |      0.00 |      0.00 |     20 |

sum of inequalities over all iterations :    123
maximal number of inequalities          :     24

transformation to integer values 
sorting system 
transformation to integer values 
sorting system 

number of equations    :    1 
number of inequalities :   24 

/tmp/porta3888973188143676288.poi.ieq moved into /tmp/porta3888973188143676288.poi.ieq%
output written to file /tmp/porta3888973188143676288.poi.ieq




log for xporta -T -o /tmp/porta4052048219249198352.poi 

input file /tmp/porta4052048219249198352.poi o.k.
dimension              :    9 
number of cone-points  :    0 
number of conv-points  :   16 

GAUSS - ELIMINATION:
| iter- |     # equa |  # ineq  |   max| long|   non- |     mem |  cpu-time | real-time |
| ation |            |          |  bit-|arith|  zeros |    used |      used |      used |
|       |            |          |length|metic|   in % |   in kB |    in sec |    in sec |
|-------|------------|----------|------|-----|--------|---------|-----------|-----------|
|    10 |         10 |        1 |    2 |   n |   0.39 |      51 |      0.00 |      0.00 |
|     9 |          9 |        2 |    2 |   n |   0.38 |      51 |      0.00 |      0.00 |
|     8 |          8 |        3 |    2 |   n |   0.39 |      51 |      0.00 |      0.00 |
|     7 |          7 |        4 |    2 |   n |   0.40 |      51 |      0.00 |      0.00 |
|     6 |          6 |        5 |    3 |   n |   0.39 |      51 |      0.00 |      0.00 |
|     5 |          5 |        6 |    3 |   n |   0.37 |      51 |      0.00 |      0.00 |
|     4 |          4 |        7 |    3 |   n |   0.40 |      51 |      0.00 |      0.00 |
|     3 |          3 |        8 |    3 |   n |   0.39 |      51 |      0.00 |      0.00 |
|     2 |          2 |        9 |    3 |   n |   0.38 |      51 |      0.00 |      0.00 |
 variable 1 eliminated - finite equation found
|     1 |          1 |       10 |    3 |   n |   0.44 |      51 |      0.00 |      0.00 |

FOURIER - MOTZKIN - ELIMINATION:

storing finite inequalities in file /tmp/porta4052048219249198352.poi.ieq

| iter- |      upper |  # ineq  |   max| long|   non- |     mem |  cpu-time | real-time |   #    |
| ation |      bound |          |  bit-|arith|  zeros |    used |      used |      used | facets |
|       |     # ineq |          |length|metic|   in % |   in kB |    in sec |    in sec |        |
|-------|------------|----------|------|-----|--------|---------|-----------|-----------|--------|
|     7 |         11 |       10 |    1 |   n |   0.12 |     847 |      0.00 |      0.00 |      4 |
|     6 |         12 |       11 |    3 |   n |   0.14 |     847 |      0.00 |      0.00 |      4 |
|     5 |         13 |       12 |    3 |   n |   0.15 |     847 |      0.00 |      0.00 |      6 |
|     4 |         20 |       18 |    3 |   n |   0.26 |     847 |      0.00 |      0.00 |      8 |
|     3 |         26 |       24 |    3 |   n |   0.25 |     848 |      0.00 |      0.00 |     12 |
|     2 |         48 |       24 |    3 |   n |   0.28 |     848 |      0.00 |      0.00 |     16 |
|     1 |         40 |       24 |    3 |   n |   0.30 |     848 |      0.00 |      0.00 |     20 |

sum of inequalities over all iterations :    123
maximal number of inequalities          :     24

transformation to integer values 
sorting system 
transformation to integer values 
sorting system 

number of equations    :    1 
number of inequalities :   24 

/tmp/porta4052048219249198352.poi.ieq moved into /tmp/porta4052048219249198352.poi.ieq%
output written to file /tmp/porta4052048219249198352.poi.ieq




log for xporta -T -o /tmp/porta8112557929670676204.poi 

input file /tmp/porta8112557929670676204.poi o.k.
dimension              :   27 
number of cone-points  :    0 
number of conv-points  :   64 

GAUSS - ELIMINATION:
| iter- |     # equa |  # ineq  |   max| long|   non- |     mem |  cpu-time | real-time |
| ation |            |          |  bit-|arith|  zeros |    used |      used |      used |
|       |            |          |length|metic|   in % |   in kB |    in sec |    in sec |
|-------|------------|----------|------|-----|--------|---------|-----------|-----------|
|    28 |         28 |        1 |    2 |   n |   0.37 |     153 |      0.00 |      0.00 |
|    27 |         27 |        2 |    2 |   n |   0.36 |     153 |      0.00 |      0.00 |
|    26 |         26 |        3 |    2 |   n |   0.37 |     153 |      0.00 |      0.00 |
|    25 |         25 |        4 |    2 |   n |   0.38 |     153 |      0.00 |      0.00 |
|    24 |         24 |        5 |    3 |   n |   0.36 |     153 |      0.00 |      0.00 |
|    23 |         23 |        6 |    3 |   n |   0.34 |     153 |      0.00 |      0.00 |
|    22 |         22 |        7 |    3 |   n |   0.36 |     153 |      0.00 |      0.00 |
|    21 |         21 |        8 |    3 |   n |   0.35 |     153 |      0.00 |      0.00 |
|    20 |         20 |        9 |    3 |   n |   0.34 |     153 |      0.00 |      0.00 |
|    19 |         19 |       10 |    3 |   n |   0.30 |     153 |      0.00 |      0.00 |
|    18 |         18 |       11 |    3 |   n |   0.30 |     153 |      0.00 |      0.00 |
|    17 |         17 |       12 |    3 |   n |   0.30 |     153 |      0.00 |      0.00 |
|    16 |         16 |       13 |    3 |   n |   0.32 |     153 |      0.00 |      0.00 |
|    15 |         15 |       14 |    4 |   n |   0.31 |     153 |      0.00 |      0.00 |
|    14 |         14 |       15 |    4 |   n |   0.29 |     153 |      0.00 |      0.00 |
|    13 |         13 |       16 |    4 |   n |   0.31 |     153 |      0.00 |      0.00 |
|    12 |         12 |       17 |    4 |   n |   0.30 |     153 |      0.00 |      0.00 |
|    11 |         11 |       18 |    4 |   n |   0.28 |     153 |      0.00 |      0.00 |
|    10 |         10 |       19 |    4 |   n |   0.24 |     153 |      0.00 |      0.00 |
|     9 |          9 |       20 |    4 |   n |   0.24 |     153 |      0.00 |      0.00 |
|     8 |          8 |       21 |    4 |   n |   0.25 |     153 |      0.00 |      0.00 |
|     7 |          7 |       22 |    4 |   n |   0.26 |     153 |      0.00 |      0.00 |
|     6 |          6 |       23 |    4 |   n |   0.25 |     153 |      0.00 |      0.00 |
|     5 |          5 |       24 |    4 |   n |   0.23 |     153 |      0.00 |      0.00 |
|     4 |          4 |       25 |    4 |   n |   0.25 |     153 |      0.00 |      0.00 |
|     3 |          3 |       26 |    4 |   n |   0.24 |     153 |      0.00 |      0.00 |
|     2 |          2 |       27 |    4 |   n |   0.22 |     153 |      0.00 |      0.00 |
 variable 1 eliminated - finite equation found
|     1 |          1 |       28 |    4 |   n |   0.23 |     154 |      0.00 |      0.00 |

FOURIER - MOTZKIN - ELIMINATION:

storing finite inequalities in file /tmp/porta8112557929670676204.poi.ieq

| iter- |      upper |  # ineq  |   max| long|   non- |     mem |  cpu-time | real-time |   #    |
| ation |      bound |          |  bit-|arith|  zeros |    used |      used |      used | facets |
|       |     # ineq |          |length|metic|   in % |   in kB |    in sec |    in sec |        |
|-------|------------|----------|------|-----|--------|---------|-----------|-----------|--------|
|    37 |         29 |       28 |    1 |   n |   0.04 |     912 |      0.00 |      0.01 |      8 |
|    36 |         30 |       29 |    1 |   n |   0.04 |     912 |      0.00 |      0.01 |      8 |
|    35 |         31 |       30 |    1 |   n |   0.04 |     912 |      0.00 |      0.01 |      8 |
|    34 |         32 |       31 |    1 |   n |   0.04 |     912 |      0.00 |      0.01 |      8 |
|    33 |         33 |       32 |    4 |   n |   0.05 |     912 |      0.00 |      0.01 |      8 |
|    32 |         34 |       33 |    4 |   n |   0.05 |     913 |      0.00 |      0.01 |     10 |
|    31 |         35 |       34 |    4 |   n |   0.05 |     913 |      0.00 |      0.01 |     12 |
|    30 |         36 |       35 |    4 |   n |   0.05 |     913 |      0.01 |      0.01 |     12 |
|    29 |         37 |       36 |    4 |   n |   0.05 |     913 |      0.01 |      0.01 |     14 |
|    28 |         44 |       42 |    4 |   n |   0.06 |     913 |      0.01 |      0.01 |     16 |
|    27 |         50 |       48 |    4 |   n |   0.08 |     914 |      0.01 |      0.01 |     16 |
|    26 |         56 |       54 |    4 |   n |   0.08 |     914 |      0.01 |      0.01 |     20 |
|    25 |         62 |       60 |    4 |   n |   0.08 |     915 |      0.01 |      0.02 |     24 |
|    24 |         68 |       66 |    4 |   n |   0.09 |     915 |      0.01 |      0.02 |     24 |
|    23 |         74 |       72 |    4 |   n |   0.09 |     916 |      0.01 |      0.02 |     28 |
|    22 |        104 |       72 |    4 |   n |   0.09 |     916 |      0.01 |      0.02 |     32 |
|    21 |        104 |       72 |    4 |   n |   0.10 |     916 |      0.01 |      0.02 |     32 |
|    20 |        104 |       72 |    4 |   n |   0.10 |     917 |      0.01 |      0.02 |     36 |
|    19 |        104 |       72 |    4 |   n |   0.10 |     917 |      0.01 |      0.02 |     40 |
|    18 |        104 |       72 |    4 |   n |   0.11 |     917 |      0.01 |      0.03 |     44 |
|    17 |        104 |       72 |    4 |   n |   0.11 |     918 |      0.01 |      0.03 |     48 |
|    16 |        200 |      192 |    4 |   n |   0.25 |     923 |      0.02 |      0.03 |     48 |
|    15 |        320 |      312 |    4 |   n |   0.24 |     929 |      0.02 |      0.05 |     64 |
|    14 |       2040 |      724 |    4 |   n |   0.26 |     949 |      0.03 |      0.07 |     80 |
|    13 |       2452 |     1136 |    4 |   n |   0.28 |     966 |      0.06 |      0.10 |     88 |
|    12 |      50064 |     2816 |    4 |   n |   0.39 |    2642 |      0.16 |      0.22 |     96 |
|    11 |      54528 |     4128 |    4 |   n |   0.41 |    2732 |      0.53 |      0.62 |    440 |
|    10 |      86080 |     6608 |    4 |   n |   0.43 |    4562 |      1.30 |      1.39 |    712 |
|     9 |      77664 |     8176 |    4 |   n |   0.44 |    6290 |      3.13 |      3.25 |   1312 |
|     8 |     162080 |    13676 |    5 |   n |   0.46 |    8474 |      6.71 |      6.87 |   1824 |
|     7 |     212268 |    18272 |    5 |   n |   0.47 |   12034 |     15.45 |     15.80 |   3456 |
|     6 |     356240 |    28428 |    6 |   n |   0.49 |   18191 |     30.71 |     31.06 |   4816 |
|     5 |   59420544 |    36384 |    6 |   n |   0.50 |   22030 |     45.06 |     45.42 |   4816 |
|     4 |  160071864 |    43000 |    6 |   n |   0.51 |   28484 |     67.62 |     68.04 |   4816 |
|     3 |  236210464 |    46944 |    6 |   n |   0.51 |   32416 |     95.70 |     96.26 |   4816 |
|     2 |  231777784 |    51576 |    6 |   n |   0.51 |   34107 |    123.83 |    124.48 |   4816 |
|     1 |  310260384 |    53856 |    6 |   n |   0.52 |   36412 |    161.62 |    164.52 |   4816 |

sum of inequalities over all iterations : 317290
maximal number of inequalities          :  53856

transformation to integer values 
sorting system 
transformation to integer values 
sorting system 

number of equations    :    1 
number of inequalities : 53856 

/tmp/porta8112557929670676204.poi.ieq moved into /tmp/porta8112557929670676204.poi.ieq%
output written to file /tmp/porta8112557929670676204.poi.ieq




log for xporta -T -o /tmp/porta2079877086851518702.ieq 

input file /tmp/porta2079877086851518702.ieq o.k.
dimension              :   20 
number of equations    :    0 
number of inequalities :   36 

GAUSS - ELIMINATION:
| iter- |     # equa |  # ineq  |   max| long|   non- |     mem |  cpu-time | real-time |
| ation |            |          |  bit-|arith|  zeros |    used |      used |      used |
|       |            |          |length|metic|   in % |   in kB |    in sec |    in sec |
|-------|------------|----------|------|-----|--------|---------|-----------|-----------|
|    21 |         21 |        1 |    3 |   n |   0.16 |      93 |      0.00 |      0.00 |
|    20 |         20 |        2 |    3 |   n |   0.16 |      93 |      0.00 |      0.00 |
|    19 |         19 |        3 |    3 |   n |   0.17 |      93 |      0.00 |      0.00 |
|    18 |         18 |        4 |    3 |   n |   0.17 |      93 |      0.00 |      0.00 |
|    17 |         17 |        5 |    3 |   n |   0.18 |      93 |      0.00 |      0.00 |
|    16 |         16 |        6 |    3 |   n |   0.18 |      93 |      0.00 |      0.00 |
|    15 |         15 |        7 |    3 |   n |   0.25 |      93 |      0.00 |      0.00 |
|    14 |         14 |        8 |    3 |   n |   0.25 |      93 |      0.00 |      0.00 |
|    13 |         13 |        9 |    4 |   n |   0.24 |      93 |      0.00 |      0.00 |
|    12 |         12 |       10 |    4 |   n |   0.24 |      93 |      0.00 |      0.00 |
|    11 |         11 |       11 |    4 |   n |   0.22 |      93 |      0.00 |      0.00 |
|    10 |         10 |       12 |    4 |   n |   0.21 |      93 |      0.00 |      0.00 |
|     9 |          9 |       13 |    3 |   n |   0.20 |      93 |      0.00 |      0.00 |
|     8 |          8 |       14 |    3 |   n |   0.25 |      93 |      0.00 |      0.00 |
|     7 |          7 |       15 |    3 |   n |   0.25 |      93 |      0.00 |      0.00 |
|     6 |          6 |       16 |    3 |   n |   0.24 |      93 |      0.00 |      0.00 |
|     5 |          5 |       17 |    3 |   n |   0.24 |      93 |      0.00 |      0.00 |
|     4 |          4 |       18 |    3 |   n |   0.24 |      93 |      0.00 |      0.00 |
|     3 |          3 |       19 |    3 |   n |   0.23 |      93 |      0.00 |      0.00 |
|     2 |          2 |       20 |    3 |   n |   0.23 |      93 |      0.00 |      0.00 |
|     1 |          1 |       21 |    3 |   n |   0.34 |      93 |      0.00 |      0.00 |

FOURIER - MOTZKIN - ELIMINATION:
| iter- |      upper |  # ineq  |   max| long|   non- |     mem |  cpu-time | real-time |   #    |
| ation |      bound |          |  bit-|arith|  zeros |    used |      used |      used | facets |
|       |     # ineq |          |length|metic|   in % |   in kB |    in sec |    in sec |        |
|-------|------------|----------|------|-----|--------|---------|-----------|-----------|--------|
|    16 |         21 |       21 |    1 |   n |   0.05 |     874 |      0.00 |      0.00 |      6 |
|    15 |         23 |       22 |    2 |   n |   0.05 |     875 |      0.00 |      0.00 |      6 |
|    14 |         24 |       23 |    3 |   n |   0.05 |     875 |      0.00 |      0.00 |      8 |
|    13 |         25 |       24 |    3 |   n |   0.06 |     875 |      0.00 |      0.00 |     10 |
|    12 |         26 |       25 |    3 |   n |   0.06 |     875 |      0.00 |      0.00 |     12 |
|    11 |         27 |       26 |    3 |   n |   0.06 |     875 |      0.00 |      0.00 |     12 |
|    10 |         28 |       27 |    3 |   n |   0.07 |     875 |      0.00 |      0.00 |     12 |
|     9 |         29 |       28 |    3 |   n |   0.07 |     875 |      0.00 |      0.00 |     12 |
|     8 |         52 |       48 |    3 |   n |   0.10 |     875 |      0.00 |      0.01 |     12 |
|     7 |         72 |       68 |    3 |   n |   0.12 |     876 |      0.00 |      0.01 |     24 |
|     6 |        188 |      184 |    3 |   n |   0.14 |     880 |      0.00 |      0.01 |     36 |
|     5 |        304 |      300 |    3 |   n |   0.18 |     884 |      0.00 |      0.01 |     72 |
|     4 |       5700 |     1248 |    3 |   n |   0.31 |     920 |      0.01 |      0.03 |    108 |
|     3 |      17160 |     1692 |    3 |   n |   0.31 |     936 |      0.05 |      0.10 |    732 |
|     2 |      47700 |     2088 |    3 |   n |   0.31 |    2560 |      0.15 |      0.22 |   1044 |
|     1 |      36864 |     2052 |    3 |   n |   0.31 |    2560 |      0.27 |      0.36 |   1764 |

sum of inequalities over all iterations :   7876
maximal number of inequalities          :   2088

sorting system 
transformation to integer values 

number of cone-points  :    0 
number of conv-points  : 2052 

output written to file /tmp/porta2079877086851518702.ieq.poi

